Code/app/build/outputs/logs/manifest-merger-debug-report.txt
-- Merging decision tree log ---
manifest
ADDED from src\main\AndroidManifest.xml:2:1-24:12
INJECTED from src\main\AndroidManifest.xml:2:1-24:12
INJECTED from src\main\AndroidManifest.xml:2:1-24:12
INJECTED from src\main\AndroidManifest.xml:2:1-24:12
INJECTED from src\main\AndroidManifest.xml:2:1-24:12
INJECTED from src\main\AndroidManifest.xml:2:1-24:12
INJECTED from src\main\AndroidManifest.xml:2:1-24:12
	package
		ADDED from src\main\AndroidManifest.xml:3:7-45
		INJECTED from src\main\AndroidManifest.xml
		INJECTED from src\main\AndroidManifest.xml
	android:versionName
		ADDED from src\main\AndroidManifest.xml:5:7-32
		INJECTED from src\main\AndroidManifest.xml
		INJECTED from src\main\AndroidManifest.xml
	xmlns:android
		ADDED from src\main\AndroidManifest.xml:2:11-69
	android:versionCode
		ADDED from src\main\AndroidManifest.xml:4:7-30
		INJECTED from src\main\AndroidManifest.xml
		INJECTED from src\main\AndroidManifest.xml
uses-sdk
ADDED from src\main\AndroidManifest.xml:6:5-47
INJECTED from src\main\AndroidManifest.xml:6:5-47
INJECTED from src\main\AndroidManifest.xml:6:5-47
INJECTED from src\main\AndroidManifest.xml:6:5-47
INJECTED from src\main\AndroidManifest.xml:6:5-47
	android:targetSdkVersion
		ADDED from src\main\AndroidManifest.xml:6:15-44
		INJECTED from src\main\AndroidManifest.xml
		INJECTED from src\main\AndroidManifest.xml
	android:minSdkVersion
		INJECTED from src\main\AndroidManifest.xml
		ADDED from src\main\AndroidManifest.xml:6:5-47
		INJECTED from src\main\AndroidManifest.xml
uses-feature#android.hardware.sensor.light
ADDED from src\main\AndroidManifest.xml:7:5-8:35
	android:required
		ADDED from src\main\AndroidManifest.xml:8:9-32
	android:name
		ADDED from src\main\AndroidManifest.xml:7:19-63
uses-permission#android.permission.CAMERA
ADDED from src\main\AndroidManifest.xml:9:5-65
	android:name
		ADDED from src\main\AndroidManifest.xml:9:22-62
uses-feature#android.hardware.camera
ADDED from src\main\AndroidManifest.xml:10:5-60
	android:name
		ADDED from src\main\AndroidManifest.xml:10:19-57
permission#android.permission.FLASHLIGHT
ADDED from src\main\AndroidManifest.xml:11:5-13:43
	android:protectionLevel
		ADDED from src\main\AndroidManifest.xml:13:9-41
	android:permissionGroup
		ADDED from src\main\AndroidManifest.xml:12:9-77
	android:name
		ADDED from src\main\AndroidManifest.xml:11:17-61
application
ADDED from src\main\AndroidManifest.xml:14:5-23:19
	android:label
		ADDED from src\main\AndroidManifest.xml:14:48-80
	android:icon
		ADDED from src\main\AndroidManifest.xml:14:18-47
activity#com.androidbook.sensors.list.MainActivity
ADDED from src\main\AndroidManifest.xml:15:9-21:20
	android:label
		ADDED from src\main\AndroidManifest.xml:16:19-51
	android:name
		ADDED from src\main\AndroidManifest.xml:15:19-47
intent-filter#action:name:android.intent.action.MAIN+category:name:android.intent.category.LAUNCHER
ADDED from src\main\AndroidManifest.xml:17:13-20:29
action#android.intent.action.MAIN
ADDED from src\main\AndroidManifest.xml:18:17-69
	android:name
		ADDED from src\main\AndroidManifest.xml:18:25-66
category#android.intent.category.LAUNCHER
ADDED from src\main\AndroidManifest.xml:19:17-77
	android:name
		ADDED from src\main\AndroidManifest.xml:19:27-74